<?xml version="1.0" encoding="UTF-8"?>
<testng-results ignored="0" total="1" passed="1" failed="0" skipped="0">
  <reporter-output>
  </reporter-output>
  <suite started-at="2023-01-16T14:49:34 IST" name="Default suite" finished-at="2023-01-16T14:50:29 IST" duration-ms="54984">
    <groups>
    </groups>
    <test started-at="2023-01-16T14:49:34 IST" name="Default test" finished-at="2023-01-16T14:50:29 IST" duration-ms="54984">
      <class name="Test.AllModulesSmokeTest">
        <test-method is-config="true" signature="setup()[pri:0, instance:Test.AllModulesSmokeTest@17f9d882]" started-at="2023-01-16T14:49:06 IST" name="setup" finished-at="2023-01-16T14:49:34 IST" duration-ms="27517" status="PASS">
          <reporter-output>
          </reporter-output>
        </test-method> <!-- setup -->
        <test-method signature="OverviewAndGenerateOnlineRequest()[pri:1, instance:Test.AllModulesSmokeTest@17f9d882]" started-at="2023-01-16T14:49:34 IST" name="OverviewAndGenerateOnlineRequest" finished-at="2023-01-16T14:50:29 IST" duration-ms="54924" status="PASS">
          <reporter-output>
          </reporter-output>
        </test-method> <!-- OverviewAndGenerateOnlineRequest -->
      </class> <!-- Test.AllModulesSmokeTest -->
    </test> <!-- Default test -->
  </suite> <!-- Default suite -->
</testng-results>
